{"level":"info","message":"Job Hunter listening on port 3001","module":"server","service":"job-hunter","timestamp":"2026-03-17T00:25:17.695Z"}
{"level":"info","message":"Job Hunter listening on port 3001","module":"server","service":"job-hunter","timestamp":"2026-03-17T00:26:35.520Z"}
{"level":"info","message":"Job Hunter listening on port 3001","module":"server","service":"job-hunter","timestamp":"2026-03-17T00:27:41.145Z"}
{"level":"info","message":"Scheduled scraper run","module":"scraperService","options":{"keywords":"test","maxPages":1},"runId":1,"scraperName":"apsjobs","service":"job-hunter","timestamp":"2026-03-17T06:25:31.371Z"}
{"keywordsCount":1,"level":"info","location":"true","maxPages":1,"message":"APSJobs scraper starting","mode":"db","module":"apsjobsScraper","service":"job-hunter","timestamp":"2026-03-17T06:25:31.554Z"}
{"err":{},"level":"error","message":"Fatal error in APSJobs scraper","module":"apsjobsScraper","service":"job-hunter","timestamp":"2026-03-17T06:25:31.569Z"}
{"exitCode":1,"level":"error","message":"Scraper exited with non-zero code","module":"scraperService","runId":1,"service":"job-hunter","timestamp":"2026-03-17T06:25:31.574Z"}
{"level":"info","message":"Job Hunter listening on port 3001","module":"server","service":"job-hunter","timestamp":"2026-03-17T06:37:39.253Z"}
{"level":"info","message":"Job Hunter listening on port 3001","module":"server","service":"job-hunter","timestamp":"2026-03-17T06:37:53.084Z"}
{"level":"info","message":"Job Hunter listening on port 3001","module":"server","service":"job-hunter","timestamp":"2026-03-17T06:38:20.397Z"}
{"level":"info","message":"Scheduled scraper run","module":"scraperService","options":{},"runId":2,"scraperName":"apsjobs","service":"job-hunter","timestamp":"2026-03-17T06:38:25.506Z"}
{"durationMs":5,"level":"info","message":"HTTP request completed","method":"POST","module":"http","service":"job-hunter","statusCode":200,"timestamp":"2026-03-17T06:38:25.510Z","url":"/api/scrape/run","userAgent":"curl/7.88.1"}
{"durationMs":1,"level":"info","message":"HTTP request completed","method":"GET","module":"http","service":"job-hunter","statusCode":200,"timestamp":"2026-03-17T06:38:25.518Z","url":"/api/scrape/history","userAgent":"curl/7.88.1"}
{"durationMs":1,"level":"info","message":"HTTP request completed","method":"GET","module":"http","service":"job-hunter","statusCode":200,"timestamp":"2026-03-17T06:38:25.526Z","url":"/api/jobs","userAgent":"curl/7.88.1"}
{"durationMs":1,"level":"info","message":"HTTP request completed","method":"GET","module":"http","service":"job-hunter","statusCode":200,"timestamp":"2026-03-17T06:38:25.533Z","url":"/api/resumes","userAgent":"curl/7.88.1"}
{"level":"info","message":"Scraper stdout","module":"scraperService","output":"{\"keywordsCount\":2,\"level\":\"info\",\"location\":\"true\",\"maxPages\":3,\"message\":\"APSJobs scraper starting\",\"mode\":\"db\",\"module\":\"apsjobsScraper\",\"service\":\"job-hunter\",\"timestamp\":\"2026-03-17T06:38:25.686Z\"}","runId":2,"service":"job-hunter","timestamp":"2026-03-17T06:38:25.688Z"}
{"keywordsCount":2,"level":"info","location":"true","maxPages":3,"message":"APSJobs scraper starting","mode":"db","module":"apsjobsScraper","service":"job-hunter","timestamp":"2026-03-17T06:38:25.686Z"}
{"err":{},"level":"error","message":"Fatal error in APSJobs scraper","module":"apsjobsScraper","service":"job-hunter","timestamp":"2026-03-17T06:38:25.698Z"}
{"level":"info","message":"Scraper stdout","module":"scraperService","output":"{\"err\":{},\"level\":\"error\",\"message\":\"Fatal error in APSJobs scraper\",\"module\":\"apsjobsScraper\",\"service\":\"job-hunter\",\"timestamp\":\"2026-03-17T06:38:25.698Z\"}","runId":2,"service":"job-hunter","timestamp":"2026-03-17T06:38:25.699Z"}
{"exitCode":1,"level":"error","message":"Scraper exited with non-zero code","module":"scraperService","runId":2,"service":"job-hunter","timestamp":"2026-03-17T06:38:25.703Z"}
{"durationMs":1,"level":"info","message":"HTTP request completed","method":"GET","module":"http","service":"job-hunter","statusCode":200,"timestamp":"2026-03-17T06:38:30.681Z","url":"/api/scrape/status/2","userAgent":"curl/7.88.1"}
{"durationMs":1,"level":"info","message":"HTTP request completed","method":"GET","module":"http","service":"job-hunter","statusCode":200,"timestamp":"2026-03-17T06:38:30.693Z","url":"/api/jobs/5","userAgent":"curl/7.88.1"}
{"durationMs":1,"level":"info","message":"HTTP request completed","method":"GET","module":"http","service":"job-hunter","statusCode":400,"timestamp":"2026-03-17T06:38:30.701Z","url":"/api/jobs/export?format=json","userAgent":"curl/7.88.1"}
{"durationMs":7170,"level":"info","message":"HTTP request completed","method":"POST","module":"http","service":"job-hunter","statusCode":200,"timestamp":"2026-03-17T06:38:37.877Z","url":"/api/match","userAgent":"curl/7.88.1"}
{"level":"info","message":"Job Hunter listening on port 3001","module":"server","service":"job-hunter","timestamp":"2026-03-17T06:39:08.310Z"}
{"durationMs":3,"level":"info","message":"HTTP request completed","method":"GET","module":"http","service":"job-hunter","statusCode":400,"timestamp":"2026-03-17T06:39:16.998Z","url":"/api/jobs/export?format=json","userAgent":"curl/7.88.1"}
{"level":"info","message":"Job Hunter listening on port 3001","module":"server","service":"job-hunter","timestamp":"2026-03-17T06:39:44.666Z"}
{"durationMs":3,"level":"info","message":"HTTP request completed","method":"GET","module":"http","service":"job-hunter","statusCode":200,"timestamp":"2026-03-17T06:39:53.434Z","url":"/api/jobs/export?format=json","userAgent":"curl/7.88.1"}
{"level":"info","message":"Scheduled scraper run","module":"scraperService","options":{},"runId":3,"scraperName":"apsjobs","service":"job-hunter","timestamp":"2026-03-17T06:40:01.767Z"}
{"durationMs":3,"level":"info","message":"HTTP request completed","method":"POST","module":"http","service":"job-hunter","statusCode":200,"timestamp":"2026-03-17T06:40:01.769Z","url":"/api/scrape/run","userAgent":"curl/7.88.1"}
{"durationMs":1,"level":"info","message":"HTTP request completed","method":"GET","module":"http","service":"job-hunter","statusCode":200,"timestamp":"2026-03-17T06:40:01.778Z","url":"/api/scrape/history","userAgent":"curl/7.88.1"}
{"durationMs":1,"level":"info","message":"HTTP request completed","method":"GET","module":"http","service":"job-hunter","statusCode":200,"timestamp":"2026-03-17T06:40:01.785Z","url":"/api/jobs","userAgent":"curl/7.88.1"}
{"durationMs":0,"level":"info","message":"HTTP request completed","method":"GET","module":"http","service":"job-hunter","statusCode":200,"timestamp":"2026-03-17T06:40:01.792Z","url":"/api/jobs/5","userAgent":"curl/7.88.1"}
{"durationMs":1,"level":"info","message":"HTTP request completed","method":"GET","module":"http","service":"job-hunter","statusCode":200,"timestamp":"2026-03-17T06:40:01.801Z","url":"/api/jobs/export?format=json","userAgent":"curl/7.88.1"}
{"durationMs":1,"level":"info","message":"HTTP request completed","method":"GET","module":"http","service":"job-hunter","statusCode":200,"timestamp":"2026-03-17T06:40:01.811Z","url":"/api/resumes","userAgent":"curl/7.88.1"}
{"level":"info","message":"Scraper stdout","module":"scraperService","output":"{\"keywordsCount\":2,\"level\":\"info\",\"location\":\"true\",\"maxPages\":3,\"message\":\"APSJobs scraper starting\",\"mode\":\"db\",\"module\":\"apsjobsScraper\",\"service\":\"job-hunter\",\"timestamp\":\"2026-03-17T06:40:01.955Z\"}","runId":3,"service":"job-hunter","timestamp":"2026-03-17T06:40:01.956Z"}
{"keywordsCount":2,"level":"info","location":"true","maxPages":3,"message":"APSJobs scraper starting","mode":"db","module":"apsjobsScraper","service":"job-hunter","timestamp":"2026-03-17T06:40:01.955Z"}
{"err":{},"level":"error","message":"Fatal error in APSJobs scraper","module":"apsjobsScraper","service":"job-hunter","timestamp":"2026-03-17T06:40:01.966Z"}
{"level":"info","message":"Scraper stdout","module":"scraperService","output":"{\"err\":{},\"level\":\"error\",\"message\":\"Fatal error in APSJobs scraper\",\"module\":\"apsjobsScraper\",\"service\":\"job-hunter\",\"timestamp\":\"2026-03-17T06:40:01.966Z\"}","runId":3,"service":"job-hunter","timestamp":"2026-03-17T06:40:01.969Z"}
{"exitCode":1,"level":"error","message":"Scraper exited with non-zero code","module":"scraperService","runId":3,"service":"job-hunter","timestamp":"2026-03-17T06:40:01.971Z"}
{"durationMs":5399,"level":"info","message":"HTTP request completed","method":"POST","module":"http","service":"job-hunter","statusCode":200,"timestamp":"2026-03-17T06:40:07.217Z","url":"/api/match","userAgent":"curl/7.88.1"}
{"level":"info","message":"Scheduled scraper run","module":"scraperService","options":{},"runId":4,"scraperName":"apsjobs","service":"job-hunter","timestamp":"2026-03-17T06:40:30.960Z"}
{"durationMs":4,"level":"info","message":"HTTP request completed","method":"POST","module":"http","service":"job-hunter","statusCode":200,"timestamp":"2026-03-17T06:40:30.963Z","url":"/api/scrape/run","userAgent":"curl/7.88.1"}
{"durationMs":1,"level":"info","message":"HTTP request completed","method":"GET","module":"http","service":"job-hunter","statusCode":200,"timestamp":"2026-03-17T06:40:30.982Z","url":"/api/scrape/history","userAgent":"curl/7.88.1"}
{"durationMs":0,"level":"info","message":"HTTP request completed","method":"GET","module":"http","service":"job-hunter","statusCode":200,"timestamp":"2026-03-17T06:40:30.990Z","url":"/api/jobs","userAgent":"curl/7.88.1"}
{"durationMs":0,"level":"info","message":"HTTP request completed","method":"GET","module":"http","service":"job-hunter","statusCode":200,"timestamp":"2026-03-17T06:40:30.998Z","url":"/api/jobs/5","userAgent":"curl/7.88.1"}
{"durationMs":0,"level":"info","message":"HTTP request completed","method":"GET","module":"http","service":"job-hunter","statusCode":200,"timestamp":"2026-03-17T06:40:31.006Z","url":"/api/jobs/export?format=json","userAgent":"curl/7.88.1"}
{"durationMs":1,"level":"info","message":"HTTP request completed","method":"GET","module":"http","service":"job-hunter","statusCode":200,"timestamp":"2026-03-17T06:40:31.014Z","url":"/api/resumes","userAgent":"curl/7.88.1"}
{"level":"info","message":"Scraper stdout","module":"scraperService","output":"{\"keywordsCount\":2,\"level\":\"info\",\"location\":\"true\",\"maxPages\":3,\"message\":\"APSJobs scraper starting\",\"mode\":\"db\",\"module\":\"apsjobsScraper\",\"service\":\"job-hunter\",\"timestamp\":\"2026-03-17T06:40:31.156Z\"}","runId":4,"service":"job-hunter","timestamp":"2026-03-17T06:40:31.157Z"}
{"keywordsCount":2,"level":"info","location":"true","maxPages":3,"message":"APSJobs scraper starting","mode":"db","module":"apsjobsScraper","service":"job-hunter","timestamp":"2026-03-17T06:40:31.156Z"}
{"err":{},"level":"error","message":"Fatal error in APSJobs scraper","module":"apsjobsScraper","service":"job-hunter","timestamp":"2026-03-17T06:40:31.168Z"}
{"level":"info","message":"Scraper stdout","module":"scraperService","output":"{\"err\":{},\"level\":\"error\",\"message\":\"Fatal error in APSJobs scraper\",\"module\":\"apsjobsScraper\",\"service\":\"job-hunter\",\"timestamp\":\"2026-03-17T06:40:31.168Z\"}","runId":4,"service":"job-hunter","timestamp":"2026-03-17T06:40:31.168Z"}
{"exitCode":1,"level":"error","message":"Scraper exited with non-zero code","module":"scraperService","runId":4,"service":"job-hunter","timestamp":"2026-03-17T06:40:31.172Z"}
{"durationMs":6491,"level":"info","message":"HTTP request completed","method":"POST","module":"http","service":"job-hunter","statusCode":200,"timestamp":"2026-03-17T06:40:37.511Z","url":"/api/match","userAgent":"curl/7.88.1"}
